<?xml version="1.0" encoding="UTF-8"?>
<!-- Generated by org.testng.reporters.JUnitXMLReporter -->
<testsuite hostname="PRADEEP-PC" ignored="0" name="Surefire test" tests="3" failures="0" timestamp="27 Jun 2018 18:16:21 GMT" time="63.076" errors="0">
  <testcase name="invalidlogin1" time="4.64" classname="com.qa.pradeep.testcase.ValidLoginactTest"/>
  <testcase name="validTestlogin" time="10.568" classname="com.qa.pradeep.testcase.ValidLoginactTest"/>
  <testcase name="versionAT" time="8.993" classname="com.qa.pradeep.testcase.ValidLoginactTest"/>
</testsuite> <!-- Surefire test -->
