<?xml version="1.0" encoding="UTF-8"?>
<!-- Generated by org.testng.reporters.JUnitXMLReporter -->
<testsuite hostname="PRADEEP-PC" ignored="0" name="Surefire test" tests="3" failures="0" timestamp="29 Jun 2018 11:58:44 GMT" time="72.031" errors="0">
  <testcase name="invalidlogin1" time="3.051" classname="com.qa.pradeep.testcase.ValidLoginactTest"/>
  <testcase name="validTestlogin" time="11.443" classname="com.qa.pradeep.testcase.ValidLoginactTest"/>
  <testcase name="versionAT" time="8.348" classname="com.qa.pradeep.testcase.ValidLoginactTest"/>
</testsuite> <!-- Surefire test -->
