<?xml version="1.0" encoding="UTF-8"?>
<!-- Generated by org.testng.reporters.JUnitXMLReporter -->
<testsuite hostname="PRADEEP-PC" ignored="0" name="Default test" tests="4" failures="0" timestamp="09 Jul 2018 17:51:45 GMT" time="132.162" errors="0">
  <testcase name="task" time="44.243" classname="com.qa.pradeep.testcase.ValidLoginactTest"/>
  <testcase name="invalidlogin1" time="2.932" classname="com.qa.pradeep.testcase.ValidLoginactTest"/>
  <testcase name="validTestlogin" time="5.601" classname="com.qa.pradeep.testcase.ValidLoginactTest"/>
  <testcase name="versionAT" time="8.783" classname="com.qa.pradeep.testcase.ValidLoginactTest"/>
</testsuite> <!-- Default test -->
