<?xml version="1.0" encoding="UTF-8"?>
<!-- Generated by org.testng.reporters.JUnitXMLReporter -->
<testsuite hostname="PRADEEP-PC" ignored="0" name="ACT Free Test" tests="4" failures="0" timestamp="05 Jul 2018 20:39:35 GMT" time="162.218" errors="0">
  <testcase name="task" time="53.614" classname="com.qa.pradeep.testcase.ValidLoginactTest"/>
  <testcase name="invalidlogin1" time="2.901" classname="com.qa.pradeep.testcase.ValidLoginactTest"/>
  <testcase name="validTestlogin" time="7.475" classname="com.qa.pradeep.testcase.ValidLoginactTest"/>
  <testcase name="versionAT" time="9.359" classname="com.qa.pradeep.testcase.ValidLoginactTest"/>
</testsuite> <!-- ACT Free Test -->
