<?xml version="1.0" encoding="UTF-8"?>
<testng-results skipped="0" failed="0" ignored="0" total="4" passed="4">
  <reporter-output>
  </reporter-output>
  <suite name="Surefire suite" duration-ms="116303" started-at="2018-07-05T15:11:08Z" finished-at="2018-07-05T15:13:04Z">
    <groups>
    </groups>
    <test name="Surefire test" duration-ms="116303" started-at="2018-07-05T15:11:08Z" finished-at="2018-07-05T15:13:04Z">
      <class name="com.qa.pradeep.testcase.ValidLoginactTest">
        <test-method status="PASS" signature="precondtionAT()[pri:0, instance:com.qa.pradeep.testcase.ValidLoginactTest@43840]" name="precondtionAT" is-config="true" duration-ms="13920" started-at="2018-07-05T15:11:08Z" finished-at="2018-07-05T15:11:22Z">
          <reporter-output>
          </reporter-output>
        </test-method> <!-- precondtionAT -->
        <test-method status="PASS" signature="task()[pri:0, instance:com.qa.pradeep.testcase.ValidLoginactTest@43840]" name="task" duration-ms="28863" started-at="2018-07-05T15:11:22Z" finished-at="2018-07-05T15:11:51Z">
          <reporter-output>
          </reporter-output>
        </test-method> <!-- task -->
        <test-method status="PASS" signature="postcondtionAT()[pri:0, instance:com.qa.pradeep.testcase.ValidLoginactTest@43840]" name="postcondtionAT" is-config="true" duration-ms="1401" started-at="2018-07-05T15:11:51Z" finished-at="2018-07-05T15:11:52Z">
          <reporter-output>
          </reporter-output>
        </test-method> <!-- postcondtionAT -->
        <test-method status="PASS" signature="precondtionAT()[pri:0, instance:com.qa.pradeep.testcase.ValidLoginactTest@43840]" name="precondtionAT" is-config="true" duration-ms="10982" started-at="2018-07-05T15:11:52Z" finished-at="2018-07-05T15:12:03Z">
          <reporter-output>
          </reporter-output>
        </test-method> <!-- precondtionAT -->
        <test-method status="PASS" signature="invalidlogin1()[pri:1, instance:com.qa.pradeep.testcase.ValidLoginactTest@43840]" name="invalidlogin1" duration-ms="2974" started-at="2018-07-05T15:12:03Z" finished-at="2018-07-05T15:12:06Z">
          <reporter-output>
          </reporter-output>
        </test-method> <!-- invalidlogin1 -->
        <test-method status="PASS" signature="postcondtionAT()[pri:0, instance:com.qa.pradeep.testcase.ValidLoginactTest@43840]" name="postcondtionAT" is-config="true" duration-ms="1021" started-at="2018-07-05T15:12:06Z" finished-at="2018-07-05T15:12:07Z">
          <reporter-output>
          </reporter-output>
        </test-method> <!-- postcondtionAT -->
        <test-method status="PASS" signature="precondtionAT()[pri:0, instance:com.qa.pradeep.testcase.ValidLoginactTest@43840]" name="precondtionAT" is-config="true" duration-ms="22255" started-at="2018-07-05T15:12:07Z" finished-at="2018-07-05T15:12:29Z">
          <reporter-output>
          </reporter-output>
        </test-method> <!-- precondtionAT -->
        <test-method status="PASS" signature="validTestlogin()[pri:2, instance:com.qa.pradeep.testcase.ValidLoginactTest@43840]" name="validTestlogin" duration-ms="7633" started-at="2018-07-05T15:12:29Z" finished-at="2018-07-05T15:12:37Z">
          <reporter-output>
          </reporter-output>
        </test-method> <!-- validTestlogin -->
        <test-method status="PASS" signature="postcondtionAT()[pri:0, instance:com.qa.pradeep.testcase.ValidLoginactTest@43840]" name="postcondtionAT" is-config="true" duration-ms="1741" started-at="2018-07-05T15:12:37Z" finished-at="2018-07-05T15:12:39Z">
          <reporter-output>
          </reporter-output>
        </test-method> <!-- postcondtionAT -->
        <test-method status="PASS" signature="precondtionAT()[pri:0, instance:com.qa.pradeep.testcase.ValidLoginactTest@43840]" name="precondtionAT" is-config="true" duration-ms="11104" started-at="2018-07-05T15:12:39Z" finished-at="2018-07-05T15:12:50Z">
          <reporter-output>
          </reporter-output>
        </test-method> <!-- precondtionAT -->
        <test-method status="PASS" signature="versionAT()[pri:3, instance:com.qa.pradeep.testcase.ValidLoginactTest@43840]" name="versionAT" duration-ms="13237" started-at="2018-07-05T15:12:50Z" finished-at="2018-07-05T15:13:03Z">
          <reporter-output>
          </reporter-output>
        </test-method> <!-- versionAT -->
        <test-method status="PASS" signature="postcondtionAT()[pri:0, instance:com.qa.pradeep.testcase.ValidLoginactTest@43840]" name="postcondtionAT" is-config="true" duration-ms="1112" started-at="2018-07-05T15:13:03Z" finished-at="2018-07-05T15:13:04Z">
          <reporter-output>
          </reporter-output>
        </test-method> <!-- postcondtionAT -->
      </class> <!-- com.qa.pradeep.testcase.ValidLoginactTest -->
    </test> <!-- Surefire test -->
  </suite> <!-- Surefire suite -->
</testng-results>
