<?xml version="1.0" encoding="UTF-8"?>
<testng-results skipped="0" failed="0" ignored="0" total="1" passed="1">
  <reporter-output>
  </reporter-output>
  <suite name="Default suite" duration-ms="37659" started-at="2018-07-04T13:54:51Z" finished-at="2018-07-04T13:55:29Z">
    <groups>
    </groups>
    <test name="Default test" duration-ms="37659" started-at="2018-07-04T13:54:51Z" finished-at="2018-07-04T13:55:29Z">
      <class name="com.qa.pradeep.testcase.ValidLoginactTest">
        <test-method status="PASS" signature="precondtionAT()[pri:0, instance:com.qa.pradeep.testcase.ValidLoginactTest@132ec19]" name="precondtionAT" is-config="true" duration-ms="11574" started-at="2018-07-04T13:54:51Z" finished-at="2018-07-04T13:55:03Z">
          <reporter-output>
          </reporter-output>
        </test-method> <!-- precondtionAT -->
        <test-method status="PASS" signature="task()[pri:0, instance:com.qa.pradeep.testcase.ValidLoginactTest@132ec19]" name="task" duration-ms="24834" started-at="2018-07-04T13:55:03Z" finished-at="2018-07-04T13:55:27Z">
          <reporter-output>
          </reporter-output>
        </test-method> <!-- task -->
        <test-method status="PASS" signature="postcondtionAT()[pri:0, instance:com.qa.pradeep.testcase.ValidLoginactTest@132ec19]" name="postcondtionAT" is-config="true" duration-ms="1169" started-at="2018-07-04T13:55:27Z" finished-at="2018-07-04T13:55:29Z">
          <reporter-output>
          </reporter-output>
        </test-method> <!-- postcondtionAT -->
      </class> <!-- com.qa.pradeep.testcase.ValidLoginactTest -->
    </test> <!-- Default test -->
  </suite> <!-- Default suite -->
</testng-results>
